<?xml version="1.0" encoding="UTF-8"?>
<testng-results ignored="0" total="2" passed="1" failed="1" skipped="0">
  <reporter-output>
    <line>
      <![CDATA[Success !!]]>
    </line>
  </reporter-output>
  <suite started-at="2022-03-31T14:11:43 IST" name="Suite" finished-at="2022-03-31T14:12:11 IST" duration-ms="27271">
    <groups>
    </groups>
    <test started-at="2022-03-31T14:11:43 IST" name="AmazonLogin" finished-at="2022-03-31T14:12:11 IST" duration-ms="27271">
      <class name="qa.solution.test.edgeiemode.EdgeIEModeParallel">
        <test-method is-config="true" signature="clear()[pri:0, instance:qa.solution.test.edgeiemode.EdgeIEModeParallel@5b03b9fe]" started-at="2022-03-31T14:11:43 IST" name="clear" finished-at="2022-03-31T14:11:43 IST" duration-ms="36" status="PASS">
          <reporter-output>
          </reporter-output>
        </test-method> <!-- clear -->
        <test-method signature="testAmazonLogin1()[pri:0, instance:qa.solution.test.edgeiemode.EdgeIEModeParallel@5b03b9fe]" started-at="2022-03-31T14:11:44 IST" name="testAmazonLogin1" finished-at="2022-03-31T14:12:11 IST" duration-ms="27205" status="PASS">
          <reporter-output>
            <line>
              <![CDATA[Success !!]]>
            </line>
          </reporter-output>
        </test-method> <!-- testAmazonLogin1 -->
        <test-method signature="testAmazonLogin()[pri:0, instance:qa.solution.test.edgeiemode.EdgeIEModeParallel@5b03b9fe]" started-at="2022-03-31T14:11:44 IST" name="testAmazonLogin" finished-at="2022-03-31T14:12:00 IST" duration-ms="16055" status="FAIL">
          <exception class="org.openqa.selenium.NoSuchWindowException">
            <message>
              <![CDATA[Unable to get browser
Build info: version: '4.1.3', revision: '7b1ebf28ef'
System info: host: 'LAPTOP-4VN02OJO', ip: '192.168.1.27', os.name: 'Windows 10', os.arch: 'amd64', os.version: '10.0', java.version: '11.0.13'
Driver info: org.openqa.selenium.ie.InternetExplorerDriver
Command: [9bedbba4-f426-4913-be3e-20e26cf0242e, screenshot {}]
Capabilities {acceptInsecureCerts: false, browserName: internet explorer, browserVersion: 11, javascriptEnabled: true, pageLoadStrategy: normal, platform: WINDOWS, platformName: WINDOWS, proxy: Proxy(), se:ieOptions: {browserAttachTimeout: 0, elementScrollBehavior: 0, enablePersistentHover: false, ie.browserCommandLineSwitches: , ie.edgechromium: true, ie.edgepath: C:\Program Files (x86)\Micr..., ie.ensureCleanSession: false, ie.fileUploadDialogTimeout: 3000, ie.forceCreateProcessApi: false, ignoreProtectedModeSettings: true, ignoreZoomSetting: true, initialBrowserUrl: http://localhost:55070/, nativeEvents: false, requireWindowFocus: true}, setWindowRect: true, strictFileInteractability: false, timeouts: {implicit: 0, pageLoad: 300000, script: 30000}, unhandledPromptBehavior: dismiss and notify}
Session ID: 9bedbba4-f426-4913-be3e-20e26cf0242e]]>
            </message>
            <full-stacktrace>
              <![CDATA[org.openqa.selenium.NoSuchWindowException: Unable to get browser
Build info: version: '4.1.3', revision: '7b1ebf28ef'
System info: host: 'LAPTOP-4VN02OJO', ip: '192.168.1.27', os.name: 'Windows 10', os.arch: 'amd64', os.version: '10.0', java.version: '11.0.13'
Driver info: org.openqa.selenium.ie.InternetExplorerDriver
Command: [9bedbba4-f426-4913-be3e-20e26cf0242e, screenshot {}]
Capabilities {acceptInsecureCerts: false, browserName: internet explorer, browserVersion: 11, javascriptEnabled: true, pageLoadStrategy: normal, platform: WINDOWS, platformName: WINDOWS, proxy: Proxy(), se:ieOptions: {browserAttachTimeout: 0, elementScrollBehavior: 0, enablePersistentHover: false, ie.browserCommandLineSwitches: , ie.edgechromium: true, ie.edgepath: C:\Program Files (x86)\Micr..., ie.ensureCleanSession: false, ie.fileUploadDialogTimeout: 3000, ie.forceCreateProcessApi: false, ignoreProtectedModeSettings: true, ignoreZoomSetting: true, initialBrowserUrl: http://localhost:55070/, nativeEvents: false, requireWindowFocus: true}, setWindowRect: true, strictFileInteractability: false, timeouts: {implicit: 0, pageLoad: 300000, script: 30000}, unhandledPromptBehavior: dismiss and notify}
Session ID: 9bedbba4-f426-4913-be3e-20e26cf0242e
at java.base/jdk.internal.reflect.NativeConstructorAccessorImpl.newInstance0(Native Method)
at java.base/jdk.internal.reflect.NativeConstructorAccessorImpl.newInstance(NativeConstructorAccessorImpl.java:62)
at java.base/jdk.internal.reflect.DelegatingConstructorAccessorImpl.newInstance(DelegatingConstructorAccessorImpl.java:45)
at java.base/java.lang.reflect.Constructor.newInstance(Constructor.java:490)
at org.openqa.selenium.remote.codec.w3c.W3CHttpResponseCodec.createException(W3CHttpResponseCodec.java:200)
at org.openqa.selenium.remote.codec.w3c.W3CHttpResponseCodec.decode(W3CHttpResponseCodec.java:133)
at org.openqa.selenium.remote.codec.w3c.W3CHttpResponseCodec.decode(W3CHttpResponseCodec.java:53)
at org.openqa.selenium.remote.HttpCommandExecutor.execute(HttpCommandExecutor.java:184)
at org.openqa.selenium.remote.service.DriverCommandExecutor.invokeExecute(DriverCommandExecutor.java:167)
at org.openqa.selenium.remote.service.DriverCommandExecutor.execute(DriverCommandExecutor.java:142)
at org.openqa.selenium.remote.RemoteWebDriver.execute(RemoteWebDriver.java:567)
at org.openqa.selenium.remote.RemoteWebDriver.execute(RemoteWebDriver.java:622)
at org.openqa.selenium.remote.RemoteWebDriver.execute(RemoteWebDriver.java:626)
at org.openqa.selenium.remote.RemoteWebDriver.getScreenshotAs(RemoteWebDriver.java:351)
at qa.solution.test.edgeiemode.EdgeIEModeParallel.takescreenshot(EdgeIEModeParallel.java:37)
at qa.solution.test.edgeiemode.EdgeIEModeParallel.testAmazonLogin(EdgeIEModeParallel.java:78)
at java.base/jdk.internal.reflect.NativeMethodAccessorImpl.invoke0(Native Method)
at java.base/jdk.internal.reflect.NativeMethodAccessorImpl.invoke(NativeMethodAccessorImpl.java:62)
at java.base/jdk.internal.reflect.DelegatingMethodAccessorImpl.invoke(DelegatingMethodAccessorImpl.java:43)
at java.base/java.lang.reflect.Method.invoke(Method.java:566)
at org.testng.internal.invokers.MethodInvocationHelper.invokeMethod(MethodInvocationHelper.java:135)
at org.testng.internal.invokers.TestInvoker.invokeMethod(TestInvoker.java:673)
at org.testng.internal.invokers.TestInvoker.invokeTestMethod(TestInvoker.java:220)
at org.testng.internal.invokers.MethodRunner.runInSequence(MethodRunner.java:50)
at org.testng.internal.invokers.TestInvoker$MethodInvocationAgent.invoke(TestInvoker.java:945)
at org.testng.internal.invokers.TestInvoker.invokeTestMethods(TestInvoker.java:193)
at org.testng.internal.invokers.TestMethodWorker.invokeTestMethods(TestMethodWorker.java:146)
at org.testng.internal.invokers.TestMethodWorker.run(TestMethodWorker.java:128)
at java.base/java.util.concurrent.ThreadPoolExecutor.runWorker(ThreadPoolExecutor.java:1128)
at java.base/java.util.concurrent.ThreadPoolExecutor$Worker.run(ThreadPoolExecutor.java:628)
at java.base/java.lang.Thread.run(Thread.java:834)
]]>
            </full-stacktrace>
          </exception> <!-- org.openqa.selenium.NoSuchWindowException -->
          <reporter-output>
          </reporter-output>
        </test-method> <!-- testAmazonLogin -->
      </class> <!-- qa.solution.test.edgeiemode.EdgeIEModeParallel -->
    </test> <!-- AmazonLogin -->
  </suite> <!-- Suite -->
</testng-results>
